This is pdfTeX, Version 3.14159265-2.6-1.40.17 (MiKTeX 2.9) (preloaded format=pdflatex 2016.7.28)  22 OCT 2016 15:09
entering extended mode
**./Functional_Requirements.tex
(Functional_Requirements.tex
LaTeX2e <2016/03/31> patch level 1
Babel <3.9r> and hyphenation patterns for 75 language(s) loaded.
("C:\Program Files (x86)\MiKTeX 2.9\tex\latex\base\report.cls"
Document Class: report 2014/09/29 v1.4h Standard LaTeX document class
("C:\Program Files (x86)\MiKTeX 2.9\tex\latex\base\size12.clo"
File: size12.clo 2014/09/29 v1.4h Standard LaTeX file (size option)
)
\c@part=\count79
\c@chapter=\count80
\c@section=\count81
\c@subsection=\count82
\c@subsubsection=\count83
\c@paragraph=\count84
\c@subparagraph=\count85
\c@figure=\count86
\c@table=\count87
\abovecaptionskip=\skip41
\belowcaptionskip=\skip42
\bibindent=\dimen102
)
\@indexfile=\write3
\openout3 = `Functional_Requirements.idx'.


Writing index file Functional_Requirements.idx
("C:\Program Files (x86)\MiKTeX 2.9\tex\latex\tools\longtable.sty"
Package: longtable 2014/10/28 v4.11 Multi-page Table package (DPC)
\LTleft=\skip43
\LTright=\skip44
\LTpre=\skip45
\LTpost=\skip46
\LTchunksize=\count88
\LTcapwidth=\dimen103
\LT@head=\box26
\LT@firsthead=\box27
\LT@foot=\box28
\LT@lastfoot=\box29
\LT@cols=\count89
\LT@rows=\count90
\c@LT@tables=\count91
\c@LT@chunks=\count92
\LT@p@ftn=\toks14
)
("C:\Program Files (x86)\MiKTeX 2.9\tex\latex\graphics\graphicx.sty"
Package: graphicx 2014/10/28 v1.0g Enhanced LaTeX Graphics (DPC,SPQR)

("C:\Program Files (x86)\MiKTeX 2.9\tex\latex\graphics\keyval.sty"
Package: keyval 2014/10/28 v1.15 key=value parser (DPC)
\KV@toks@=\toks15
)
("C:\Program Files (x86)\MiKTeX 2.9\tex\latex\graphics\graphics.sty"
Package: graphics 2016/06/02 v1.0s Standard LaTeX Graphics (DPC,SPQR)

("C:\Program Files (x86)\MiKTeX 2.9\tex\latex\graphics\trig.sty"
Package: trig 2016/01/03 v1.10 sin cos tan (DPC)
)
("C:\Program Files (x86)\MiKTeX 2.9\tex\latex\00miktex\graphics.cfg"
File: graphics.cfg 2016/06/04 v1.11 sample graphics configuration
)
Package graphics Info: Driver file: pdftex.def on input line 99.

("C:\Program Files (x86)\MiKTeX 2.9\tex\latex\pdftex-def\pdftex.def"
File: pdftex.def 2016/06/17 v0.06h Graphics/color for pdfTeX

("C:\Program Files (x86)\MiKTeX 2.9\tex\generic\oberdiek\infwarerr.sty"
Package: infwarerr 2016/05/16 v1.4 Providing info/warning/error messages (HO)
)
("C:\Program Files (x86)\MiKTeX 2.9\tex\generic\oberdiek\ltxcmds.sty"
Package: ltxcmds 2016/05/16 v1.23 LaTeX kernel commands for general use (HO)
)
\Gread@gobject=\count93
))
\Gin@req@height=\dimen104
\Gin@req@width=\dimen105
)
("C:\Program Files (x86)\MiKTeX 2.9\tex\latex\base\makeidx.sty"
Package: makeidx 2014/09/29 v1.0m Standard LaTeX package
)
("C:\Program Files (x86)\MiKTeX 2.9\tex\latex\hyperref\hyperref.sty"
Package: hyperref 2016/05/21 v6.83p Hypertext links for LaTeX

("C:\Program Files (x86)\MiKTeX 2.9\tex\generic\oberdiek\hobsub-hyperref.sty"
Package: hobsub-hyperref 2016/05/16 v1.14 Bundle oberdiek, subset hyperref (HO)


("C:\Program Files (x86)\MiKTeX 2.9\tex\generic\oberdiek\hobsub-generic.sty"
Package: hobsub-generic 2016/05/16 v1.14 Bundle oberdiek, subset generic (HO)
Package: hobsub 2016/05/16 v1.14 Construct package bundles (HO)
Package hobsub Info: Skipping package `infwarerr' (already loaded).
Package hobsub Info: Skipping package `ltxcmds' (already loaded).
Package: ifluatex 2016/05/16 v1.4 Provides the ifluatex switch (HO)
Package ifluatex Info: LuaTeX not detected.
Package: ifvtex 2016/05/16 v1.6 Detect VTeX and its facilities (HO)
Package ifvtex Info: VTeX not detected.
Package: intcalc 2016/05/16 v1.2 Expandable calculations with integers (HO)
Package: ifpdf 2016/05/14 v3.1 Provides the ifpdf switch
Package: etexcmds 2016/05/16 v1.6 Avoid name clashes with e-TeX commands (HO)
Package etexcmds Info: Could not find \expanded.
(etexcmds)             That can mean that you are not using pdfTeX 1.50 or
(etexcmds)             that some package has redefined \expanded.
(etexcmds)             In the latter case, load this package earlier.
Package: kvsetkeys 2016/05/16 v1.17 Key value parser (HO)
Package: kvdefinekeys 2016/05/16 v1.4 Define keys (HO)
Package: pdftexcmds 2016/05/21 v0.22 Utility functions of pdfTeX for LuaTeX (HO
)
Package pdftexcmds Info: LuaTeX not detected.
Package pdftexcmds Info: \pdf@primitive is available.
Package pdftexcmds Info: \pdf@ifprimitive is available.
Package pdftexcmds Info: \pdfdraftmode found.
Package: pdfescape 2016/05/16 v1.14 Implements pdfTeX's escape features (HO)
Package: bigintcalc 2016/05/16 v1.4 Expandable calculations on big integers (HO
)
Package: bitset 2016/05/16 v1.2 Handle bit-vector datatype (HO)
Package: uniquecounter 2016/05/16 v1.3 Provide unlimited unique counter (HO)
)
Package hobsub Info: Skipping package `hobsub' (already loaded).
Package: letltxmacro 2016/05/16 v1.5 Let assignment for LaTeX macros (HO)
Package: hopatch 2016/05/16 v1.3 Wrapper for package hooks (HO)
Package: xcolor-patch 2016/05/16 xcolor patch
Package: atveryend 2016/05/16 v1.9 Hooks at the very end of document (HO)
Package atveryend Info: \enddocument detected (standard20110627).
Package: atbegshi 2016/06/09 v1.18 At begin shipout hook (HO)
Package: refcount 2016/05/16 v3.5 Data extraction from label references (HO)
Package: hycolor 2016/05/16 v1.8 Color options for hyperref/bookmark (HO)
)
("C:\Program Files (x86)\MiKTeX 2.9\tex\generic\ifxetex\ifxetex.sty"
Package: ifxetex 2010/09/12 v0.6 Provides ifxetex conditional
)
("C:\Program Files (x86)\MiKTeX 2.9\tex\latex\oberdiek\auxhook.sty"
Package: auxhook 2016/05/16 v1.4 Hooks for auxiliary files (HO)
)
("C:\Program Files (x86)\MiKTeX 2.9\tex\latex\oberdiek\kvoptions.sty"
Package: kvoptions 2016/05/16 v3.12 Key value format for package options (HO)
)
\@linkdim=\dimen106
\Hy@linkcounter=\count94
\Hy@pagecounter=\count95

("C:\Program Files (x86)\MiKTeX 2.9\tex\latex\hyperref\pd1enc.def"
File: pd1enc.def 2016/05/21 v6.83p Hyperref: PDFDocEncoding definition (HO)
)
\Hy@SavedSpaceFactor=\count96

("C:\Program Files (x86)\MiKTeX 2.9\tex\latex\00miktex\hyperref.cfg"
File: hyperref.cfg 2002/06/06 v1.2 hyperref configuration of TeXLive
)
Package hyperref Info: Hyper figures OFF on input line 4486.
Package hyperref Info: Link nesting OFF on input line 4491.
Package hyperref Info: Hyper index ON on input line 4494.
Package hyperref Info: Plain pages OFF on input line 4501.
Package hyperref Info: Backreferencing OFF on input line 4506.
Package hyperref Info: Implicit mode ON; LaTeX internals redefined.
Package hyperref Info: Bookmarks ON on input line 4735.
\c@Hy@tempcnt=\count97

("C:\Program Files (x86)\MiKTeX 2.9\tex\latex\url\url.sty"
\Urlmuskip=\muskip10
Package: url 2013/09/16  ver 3.4  Verb mode for urls, etc.
)
LaTeX Info: Redefining \url on input line 5088.
\XeTeXLinkMargin=\dimen107
\Fld@menulength=\count98
\Field@Width=\dimen108
\Fld@charsize=\dimen109
Package hyperref Info: Hyper figures OFF on input line 6342.
Package hyperref Info: Link nesting OFF on input line 6347.
Package hyperref Info: Hyper index ON on input line 6350.
Package hyperref Info: backreferencing OFF on input line 6357.
Package hyperref Info: Link coloring OFF on input line 6362.
Package hyperref Info: Link coloring with OCG OFF on input line 6367.
Package hyperref Info: PDF/A mode OFF on input line 6372.
LaTeX Info: Redefining \ref on input line 6412.
LaTeX Info: Redefining \pageref on input line 6416.
\Hy@abspage=\count99
\c@Item=\count100
\c@Hfootnote=\count101
)

Package hyperref Message: Driver (autodetected): hpdftex.

("C:\Program Files (x86)\MiKTeX 2.9\tex\latex\hyperref\hpdftex.def"
File: hpdftex.def 2016/05/21 v6.83p Hyperref driver for pdfTeX
\Fld@listcount=\count102
\c@bookmark@seq@number=\count103

("C:\Program Files (x86)\MiKTeX 2.9\tex\latex\oberdiek\rerunfilecheck.sty"
Package: rerunfilecheck 2016/05/16 v1.8 Rerun checks for auxiliary files (HO)
Package uniquecounter Info: New unique counter `rerunfilecheck' on input line 2
82.
)
\Hy@SectionHShift=\skip47
)
Package hyperref Info: Option `colorlinks' set `true' on input line 18.

(Functional_Requirements.aux)
\openout1 = `Functional_Requirements.aux'.

LaTeX Font Info:    Checking defaults for OML/cmm/m/it on input line 24.
LaTeX Font Info:    ... okay on input line 24.
LaTeX Font Info:    Checking defaults for T1/cmr/m/n on input line 24.
LaTeX Font Info:    ... okay on input line 24.
LaTeX Font Info:    Checking defaults for OT1/cmr/m/n on input line 24.
LaTeX Font Info:    ... okay on input line 24.
LaTeX Font Info:    Checking defaults for OMS/cmsy/m/n on input line 24.
LaTeX Font Info:    ... okay on input line 24.
LaTeX Font Info:    Checking defaults for OMX/cmex/m/n on input line 24.
LaTeX Font Info:    ... okay on input line 24.
LaTeX Font Info:    Checking defaults for U/cmr/m/n on input line 24.
LaTeX Font Info:    ... okay on input line 24.
LaTeX Font Info:    Checking defaults for PD1/pdf/m/n on input line 24.
LaTeX Font Info:    ... okay on input line 24.

("C:\Program Files (x86)\MiKTeX 2.9\tex\context\base\supp-pdf.mkii"
[Loading MPS to PDF converter (version 2006.09.02).]
\scratchcounter=\count104
\scratchdimen=\dimen110
\scratchbox=\box30
\nofMPsegments=\count105
\nofMParguments=\count106
\everyMPshowfont=\toks16
\MPscratchCnt=\count107
\MPscratchDim=\dimen111
\MPnumerator=\count108
\makeMPintoPDFobject=\count109
\everyMPtoPDFconversion=\toks17
) ("C:\Program Files (x86)\MiKTeX 2.9\tex\latex\oberdiek\epstopdf-base.sty"
Package: epstopdf-base 2016/05/15 v2.6 Base part for package epstopdf

("C:\Program Files (x86)\MiKTeX 2.9\tex\latex\oberdiek\grfext.sty"
Package: grfext 2016/05/16 v1.2 Manage graphics extensions (HO)
)
Package epstopdf-base Info: Redefining graphics rule for `.eps' on input line 4
38.
Package grfext Info: Graphics extension search list:
(grfext)             [.png,.pdf,.jpg,.mps,.jpeg,.jbig2,.jb2,.PNG,.PDF,.JPG,.JPE
G,.JBIG2,.JB2,.eps]
(grfext)             \AppendGraphicsExtensions on input line 456.
)
\AtBeginShipoutBox=\box31

("C:\Program Files (x86)\MiKTeX 2.9\tex\latex\graphics\color.sty"
Package: color 2016/06/02 v1.1d Standard LaTeX Color (DPC)

("C:\Program Files (x86)\MiKTeX 2.9\tex\latex\00miktex\color.cfg"
File: color.cfg 2016/01/02 v1.6 sample color configuration
)
Package color Info: Driver file: pdftex.def on input line 147.
)
Package hyperref Info: Link coloring ON on input line 24.

("C:\Program Files (x86)\MiKTeX 2.9\tex\latex\hyperref\nameref.sty"
Package: nameref 2016/05/21 v2.44 Cross-referencing by name of section

("C:\Program Files (x86)\MiKTeX 2.9\tex\generic\oberdiek\gettitlestring.sty"
Package: gettitlestring 2016/05/16 v1.5 Cleanup title references (HO)
)
\c@section@level=\count110
)
LaTeX Info: Redefining \ref on input line 24.
LaTeX Info: Redefining \pageref on input line 24.
LaTeX Info: Redefining \nameref on input line 24.

(Functional_Requirements.out) (Functional_Requirements.out)
\@outlinefile=\write4
\openout4 = `Functional_Requirements.out'.


<./up-logo.jpg, id=31, 287.1528pt x 78.7743pt>
File: ./up-logo.jpg Graphic file (type jpg)
 <use ./up-logo.jpg>
Package pdftex.def Info: ./up-logo.jpg used on input line 32.
(pdftex.def)             Requested size: 446.9055pt x 122.60974pt.

<./logo.png, id=32, 642.4pt x 594.22pt>
File: ./logo.png Graphic file (type png)
 <use ./logo.png>
Package pdftex.def Info: ./logo.png used on input line 37.
(pdftex.def)             Requested size: 22.34663pt x 20.66382pt.
File: ./logo.png Graphic file (type png)
 <use ./logo.png>
Package pdftex.def Info: ./logo.png used on input line 39.
(pdftex.def)             Requested size: 22.34663pt x 20.66382pt.
LaTeX Font Info:    External font `cmex10' loaded for size
(Font)              <12> on input line 47.
LaTeX Font Info:    External font `cmex10' loaded for size
(Font)              <8> on input line 47.
LaTeX Font Info:    External font `cmex10' loaded for size
(Font)              <6> on input line 47.

[1

{C:/ProgramData/MiKTeX/2.9/pdftex/config/pdftex.map} <./up-logo.jpg> <./logo.pn
g>]pdfTeX warning (ext4): destination with the same identifier (name{page.1}) h
as been already used, duplicate ignored
<to be read again> 
                   \relax 
l.108 \tableofcontents
                      {} [1] (Functional_Requirements.toc)
\tf@toc=\write5
\openout5 = `Functional_Requirements.toc'.

 [2

]
LaTeX Font Info:    Try loading font information for OMS+cmr on input line 117.


("C:\Program Files (x86)\MiKTeX 2.9\tex\latex\base\omscmr.fd"
File: omscmr.fd 2014/09/29 v2.5h Standard LaTeX font definitions
)
LaTeX Font Info:    Font shape `OMS/cmr/m/n' in size <12> not available
(Font)              Font shape `OMS/cmsy/m/n' tried instead on input line 117.
 [3]
Underfull \hbox (badness 10000) in paragraph at lines 144--144
[]|\OT1/cmr/m/n/12 The vi-su-aliser has
 []


Underfull \hbox (badness 2961) in paragraph at lines 144--144
\OT1/cmr/m/n/12 to be con-nected to
 []


Underfull \hbox (badness 4859) in paragraph at lines 144--144
\OT1/cmr/m/n/12 the in-ter-net in or-
 []


Underfull \hbox (badness 10000) in paragraph at lines 144--144
\OT1/cmr/m/n/12 der to ver-ify the
 []


Underfull \hbox (badness 4217) in paragraph at lines 144--144
\OT1/cmr/m/n/12 in-for-ma-tion. Only
 []


Underfull \hbox (badness 10000) in paragraph at lines 144--144
\OT1/cmr/m/n/12 a reg-is-tered AWS
 []


Underfull \hbox (badness 1609) in paragraph at lines 144--144
\OT1/cmr/m/n/12 and se-cret key may
 []


Underfull \hbox (badness 10000) in paragraph at lines 144--144
\OT1/cmr/m/n/12 Once the user is
 []


Underfull \hbox (badness 1509) in paragraph at lines 144--144
\OT1/cmr/m/n/12 then use the lo-gout
 []


Underfull \hbox (badness 6268) in paragraph at lines 144--144
\OT1/cmr/m/n/12 func-tion-al-ity to log
 []


Underfull \hbox (badness 1152) in paragraph at lines 144--144
\OT1/cmr/m/n/12 now and may be-gin
 []


Underfull \hbox (badness 1337) in paragraph at lines 144--145
\OT1/cmr/m/n/12 cal rep-re-sen-ta-tion of
 []


Underfull \hbox (badness 2293) in paragraph at lines 146--146
\OT1/cmr/m/n/12 must have in-stances
 []


Underfull \hbox (badness 4429) in paragraph at lines 146--146
[]|\OT1/cmr/m/n/12 The server con-tin-u-
 []


Underfull \hbox (badness 1028) in paragraph at lines 146--146
\OT1/cmr/m/n/12 ously sends in-for-ma-
 []


Underfull \hbox (badness 10000) in paragraph at lines 148--148
[]|\OT1/cmr/m/n/12 Visualise Net-
 []


Underfull \hbox (badness 2293) in paragraph at lines 148--148
\OT1/cmr/m/n/12 must have in-stances
 []


Underfull \hbox (badness 10000) in paragraph at lines 148--148
\OT1/cmr/m/n/12 The browser must
 []


Underfull \hbox (badness 2903) in paragraph at lines 148--148
\OT1/cmr/m/n/12 server, that con-tain
 []


Underfull \hbox (badness 1173) in paragraph at lines 148--148
\OT1/cmr/m/n/12 will se-quen-tially dis-
 []


Underfull \hbox (badness 2503) in paragraph at lines 148--149
\OT1/cmr/m/n/12 a method for read-
 []


Underfull \hbox (badness 4819) in paragraph at lines 148--149
\OT1/cmr/m/n/12 ing in-for-ma-tion the
 []


Underfull \hbox (badness 3826) in paragraph at lines 150--150
\OT1/cmr/m/n/12 a method for tem-
 []


Underfull \hbox (badness 10000) in paragraph at lines 155--155
[]|\OT1/cmr/m/n/12 The scan re-fo-cuses
 []


Underfull \hbox (badness 4341) in paragraph at lines 155--155
\OT1/cmr/m/n/12 and only scans in-
 []


Underfull \hbox (badness 10000) in paragraph at lines 156--156
\OT1/cmr/m/n/12 cor-rect for-mat-ting
 []


Underfull \hbox (badness 3312) in paragraph at lines 156--156
\OT1/cmr/m/n/12 su-al-i-sa-tions, with-out
 []


Underfull \hbox (badness 1168) in paragraph at lines 156--156
\OT1/cmr/m/n/12 the need to scan it
 []


Underfull \hbox (badness 10000) in paragraph at lines 157--157
[]|\OT1/cmr/m/n/12 A win-dow ap-pears
 []


Underfull \hbox (badness 7667) in paragraph at lines 157--157
\OT1/cmr/m/n/12 The file is named
 []


Underfull \hbox (badness 2772) in paragraph at lines 157--157
\OT1/cmr/m/n/12 if mul-ti-ple files are
 []


Underfull \hbox (badness 5446) in paragraph at lines 158--158
[]|\OT1/cmr/m/n/12 The scan must be
 []


Underfull \hbox (badness 10000) in paragraph at lines 158--158
\OT1/cmr/m/n/12 ac-tive or fin-ished.
 []


Underfull \hbox (badness 10000) in paragraph at lines 158--158
\OT1/cmr/m/n/12 The browser must
 []


Underfull \hbox (badness 10000) in paragraph at lines 158--158
\OT1/cmr/m/n/12 on the browser is
 []


Underfull \hbox (badness 3826) in paragraph at lines 158--158
\OT1/cmr/m/n/12 tion re-lated to the
 []


Underfull \hbox (badness 10000) in paragraph at lines 159--159
[]|\OT1/cmr/m/n/12 Node in-for-ma-
 []


Underfull \hbox (badness 10000) in paragraph at lines 159--159
[]|\OT1/cmr/m/n/12 The app must be
 []


Underfull \hbox (badness 10000) in paragraph at lines 159--159
\OT1/cmr/m/n/12 and which teams
 []


Underfull \hbox (badness 10000) in paragraph at lines 159--159
[]|\OT1/cmr/m/n/12 The name of the
 []


Underfull \hbox (badness 10000) in paragraph at lines 159--159
\OT1/cmr/m/n/12 a way of quickly
 []


Underfull \hbox (badness 10000) in paragraph at lines 159--159
\OT1/cmr/m/n/12 log-ging in-for-ma-tion
 []


Overfull \hbox (27.88582pt too wide) in alignment at lines 140--163
 [] [] [] [] 
 []


Underfull \vbox (badness 10000) detected at line 163
 []

[4] [5] <./Diagrams/Login_Logout.jpg, id=74, 772.8875pt x 462.72874pt>
File: ./Diagrams/Login_Logout.jpg Graphic file (type jpg)

<use ./Diagrams/Login_Logout.jpg>
Package pdftex.def Info: ./Diagrams/Login_Logout.jpg used on input line 174.
(pdftex.def)             Requested size: 446.9055pt x 267.56381pt.

Overfull \hbox (29.3747pt too wide) in paragraph at lines 174--174
 [] 
 []

[6 <./Diagrams/Login_Logout.jpg>]
<./Diagrams/LoadInfo.jpg, id=80, 667.49374pt x 519.9425pt>
File: ./Diagrams/LoadInfo.jpg Graphic file (type jpg)

<use ./Diagrams/LoadInfo.jpg>
Package pdftex.def Info: ./Diagrams/LoadInfo.jpg used on input line 182.
(pdftex.def)             Requested size: 446.9055pt x 348.12166pt.

Overfull \hbox (29.3747pt too wide) in paragraph at lines 182--182
 [] 
 []

[7 <./Diagrams/LoadInfo.jpg>]

LaTeX Warning: File `./Diagrams/Game Time.jpg' not found on input line 189.

<./Diagrams/Game Time.jpg, id=85, 590.205pt x 266.9975pt>
File: ./Diagrams/Game Time.jpg Graphic file (type jpg)

<use ./Diagrams/Game Time.jpg>
Package pdftex.def Info: ./Diagrams/Game Time.jpg used on input line 189.
(pdftex.def)             Requested size: 446.9055pt x 202.17464pt.

Overfull \hbox (29.3747pt too wide) in paragraph at lines 189--189
 [] 
 []

[8 <./Diagrams/Game Time.jpg>]
<./Diagrams/Scoring.jpg, id=90, 1237.62375pt x 872.25874pt>
File: ./Diagrams/Scoring.jpg Graphic file (type jpg)

<use ./Diagrams/Scoring.jpg>
Package pdftex.def Info: ./Diagrams/Scoring.jpg used on input line 197.
(pdftex.def)             Requested size: 446.9055pt x 314.97119pt.

Overfull \hbox (29.3747pt too wide) in paragraph at lines 197--197
 [] 
 []

[9 <./Diagrams/Scoring.jpg>]
<./Diagrams/Substitutions.jpg, id=95, 1110.1475pt x 805.0075pt>
File: ./Diagrams/Substitutions.jpg Graphic file (type jpg)

<use ./Diagrams/Substitutions.jpg>
Package pdftex.def Info: ./Diagrams/Substitutions.jpg used on input line 205.
(pdftex.def)             Requested size: 446.9055pt x 324.06091pt.

Overfull \hbox (29.3747pt too wide) in paragraph at lines 205--205
 [] 
 []

[10 <./Diagrams/Substitutions.jpg>]
<./Diagrams/Discipline.jpg, id=100, 983.675pt x 568.1225pt>
File: ./Diagrams/Discipline.jpg Graphic file (type jpg)

<use ./Diagrams/Discipline.jpg>
Package pdftex.def Info: ./Diagrams/Discipline.jpg used on input line 213.
(pdftex.def)             Requested size: 446.9055pt x 258.1147pt.

Overfull \hbox (29.3747pt too wide) in paragraph at lines 213--213
 [] 
 []

[11 <./Diagrams/Discipline.jpg>]
<./Diagrams/Lineout.jpg, id=105, 948.54375pt x 617.30624pt>
File: ./Diagrams/Lineout.jpg Graphic file (type jpg)

<use ./Diagrams/Lineout.jpg>
Package pdftex.def Info: ./Diagrams/Lineout.jpg used on input line 221.
(pdftex.def)             Requested size: 446.9055pt x 290.84042pt.

Overfull \hbox (29.3747pt too wide) in paragraph at lines 221--221
 [] 
 []

[12 <./Diagrams/Lineout.jpg>]
<./Diagrams/Scrums.jpg, id=111, 625.33624pt x 336.25626pt>
File: ./Diagrams/Scrums.jpg Graphic file (type jpg)

<use ./Diagrams/Scrums.jpg>
Package pdftex.def Info: ./Diagrams/Scrums.jpg used on input line 229.
(pdftex.def)             Requested size: 446.9055pt x 240.31877pt.

Overfull \hbox (29.3747pt too wide) in paragraph at lines 229--229
 [] 
 []

<./Diagrams/Tackles.jpg, id=112, 548.0475pt x 330.23375pt>
File: ./Diagrams/Tackles.jpg Graphic file (type jpg)

<use ./Diagrams/Tackles.jpg>
Package pdftex.def Info: ./Diagrams/Tackles.jpg used on input line 236.
(pdftex.def)             Requested size: 402.21222pt x 242.36363pt.
 [13 <./Diagrams/Scrums.jpg> <./Diagrams/Tackles.jpg>] <./Diagrams/Possession.j
pg, id=117, 263.98625pt x 330.23375pt>
File: ./Diagrams/Possession.jpg Graphic file (type jpg)

<use ./Diagrams/Possession.jpg>
Package pdftex.def Info: ./Diagrams/Possession.jpg used on input line 243.
(pdftex.def)             Requested size: 178.75946pt x 223.61871pt.

<./Diagrams/Turn-Over.jpg, id=118, 948.54375pt x 596.2275pt>
File: ./Diagrams/Turn-Over.jpg Graphic file (type jpg)

<use ./Diagrams/Turn-Over.jpg>
Package pdftex.def Info: ./Diagrams/Turn-Over.jpg used on input line 250.
(pdftex.def)             Requested size: 446.9055pt x 280.90929pt.

Overfull \hbox (29.3747pt too wide) in paragraph at lines 250--250
 [] 
 []

[14 <./Diagrams/Possession.jpg> <./Diagrams/Turn-Over.jpg>]
<./Diagrams/CleanBreaks.jpg, id=123, 1075.01625pt x 547.04375pt>
File: ./Diagrams/CleanBreaks.jpg Graphic file (type jpg)

<use ./Diagrams/CleanBreaks.jpg>
Package pdftex.def Info: ./Diagrams/CleanBreaks.jpg used on input line 257.
(pdftex.def)             Requested size: 446.9055pt x 227.41959pt.

Overfull \hbox (29.3747pt too wide) in paragraph at lines 257--257
 [] 
 []

<./Diagrams/Offload.jpg, id=124, 962.59625pt x 596.2275pt>
File: ./Diagrams/Offload.jpg Graphic file (type jpg)

<use ./Diagrams/Offload.jpg>
Package pdftex.def Info: ./Diagrams/Offload.jpg used on input line 264.
(pdftex.def)             Requested size: 446.9055pt x 276.80623pt.

Overfull \hbox (29.3747pt too wide) in paragraph at lines 264--264
 [] 
 []

[15 <./Diagrams/CleanBreaks.jpg> <./Diagrams/Offload.jpg>]
<./Diagrams/Ruck.jpg, id=129, 716.6775pt x 341.275pt>
File: ./Diagrams/Ruck.jpg Graphic file (type jpg)

<use ./Diagrams/Ruck.jpg>
Package pdftex.def Info: ./Diagrams/Ruck.jpg used on input line 271.
(pdftex.def)             Requested size: 446.9055pt x 212.81726pt.

Overfull \hbox (29.3747pt too wide) in paragraph at lines 271--271
 [] 
 []

[16 <./Diagrams/Ruck.jpg>]
<./Diagrams/Mauls.jpg, id=134, 695.59875pt x 434.62375pt>
File: ./Diagrams/Mauls.jpg Graphic file (type jpg)

<use ./Diagrams/Mauls.jpg>
Package pdftex.def Info: ./Diagrams/Mauls.jpg used on input line 279.
(pdftex.def)             Requested size: 446.9055pt x 279.23259pt.

Overfull \hbox (29.3747pt too wide) in paragraph at lines 279--279
 [] 
 []

<./Diagrams/EventsList.jpg, id=135, 829.0975pt x 555.07375pt>
File: ./Diagrams/EventsList.jpg Graphic file (type jpg)

<use ./Diagrams/EventsList.jpg>
Package pdftex.def Info: ./Diagrams/EventsList.jpg used on input line 287.
(pdftex.def)             Requested size: 446.9055pt x 299.19328pt.

Overfull \hbox (29.3747pt too wide) in paragraph at lines 287--287
 [] 
 []

[17 <./Diagrams/Mauls.jpg>] [18 <./Diagrams/EventsList.jpg>]
<./Diagrams/Login_LogoutActivityDiagram.jpg, id=145, 620.3175pt x 626.34pt>
File: ./Diagrams/Login_LogoutActivityDiagram.jpg Graphic file (type jpg)

<use ./Diagrams/Login_LogoutActivityDiagram.jpg>
Package pdftex.def Info: ./Diagrams/Login_LogoutActivityDiagram.jpg used on inp
ut line 296.
(pdftex.def)             Requested size: 268.14603pt x 270.74496pt.

<./Diagrams/LoadInfoActivityDiagram.jpg, id=146, 873.2625pt x 496.85625pt>
File: ./Diagrams/LoadInfoActivityDiagram.jpg Graphic file (type jpg)

<use ./Diagrams/LoadInfoActivityDiagram.jpg>
Package pdftex.def Info: ./Diagrams/LoadInfoActivityDiagram.jpg used on input l
ine 300.
(pdftex.def)             Requested size: 446.9055pt x 254.27277pt.

Overfull \hbox (29.3747pt too wide) in paragraph at lines 300--300
 [] 
 []

<./Diagrams/GameTimeActivityDiagram.jpg, id=147, 838.13126pt x 556.0775pt>
File: ./Diagrams/GameTimeActivityDiagram.jpg Graphic file (type jpg)

<use ./Diagrams/GameTimeActivityDiagram.jpg>
Package pdftex.def Info: ./Diagrams/GameTimeActivityDiagram.jpg used on input l
ine 304.
(pdftex.def)             Requested size: 446.9055pt x 296.51001pt.

Overfull \hbox (29.3747pt too wide) in paragraph at lines 304--304
 [] 
 []

[19 <./Diagrams/Login_LogoutActivityDiagram.jpg> <./Diagrams/LoadInfoActivityDi
agram.jpg>]
<./Diagrams/ScoringActivityDiagram.jpg, id=152, 1096.095pt x 521.95pt>
File: ./Diagrams/ScoringActivityDiagram.jpg Graphic file (type jpg)

<use ./Diagrams/ScoringActivityDiagram.jpg>
Package pdftex.def Info: ./Diagrams/ScoringActivityDiagram.jpg used on input li
ne 308.
(pdftex.def)             Requested size: 446.9055pt x 212.8142pt.

Overfull \hbox (29.3747pt too wide) in paragraph at lines 308--308
 [] 
 []

[20 <./Diagrams/GameTimeActivityDiagram.jpg> <./Diagrams/ScoringActivityDiagram
.jpg>]
<./Diagrams/SubstitutionsActivityDiagram.jpg, id=157, 838.13126pt x 347.2975pt>
File: ./Diagrams/SubstitutionsActivityDiagram.jpg Graphic file (type jpg)
<use ./Diagrams/SubstitutionsActivityDiagram.jpg>
Package pdftex.def Info: ./Diagrams/SubstitutionsActivityDiagram.jpg used on in
put line 313.
(pdftex.def)             Requested size: 446.9055pt x 185.18495pt.

Overfull \hbox (29.3747pt too wide) in paragraph at lines 313--313
 [] 
 []

<./Diagrams/DisciplineActivityDiagram.jpg, id=158, 456.70625pt x 449.68pt>
File: ./Diagrams/DisciplineActivityDiagram.jpg Graphic file (type jpg)

<use ./Diagrams/DisciplineActivityDiagram.jpg>
Package pdftex.def Info: ./Diagrams/DisciplineActivityDiagram.jpg used on input
 line 317.
(pdftex.def)             Requested size: 268.14603pt x 264.02579pt.

<./Diagrams/DomainModel.jpg, id=159, 977.6525pt x 694.595pt>
File: ./Diagrams/DomainModel.jpg Graphic file (type jpg)

<use ./Diagrams/DomainModel.jpg>
Package pdftex.def Info: ./Diagrams/DomainModel.jpg used on input line 322.
(pdftex.def)             Requested size: 446.9055pt x 317.51443pt.
 [21 <./Diagrams/SubstitutionsActivityDiagram.jpg> <./Diagrams/DisciplineActivi
tyDiagram.jpg>]
Package atveryend Info: Empty hook `BeforeClearDocument' on input line 326.
 [22 <./Diagrams/DomainModel.jpg>]
Package atveryend Info: Empty hook `AfterLastShipout' on input line 326.
 (Functional_Requirements.aux)
Package atveryend Info: Executing hook `AtVeryEndDocument' on input line 326.
Package atveryend Info: Executing hook `AtEndAfterFileList' on input line 326.
Package rerunfilecheck Info: File `Functional_Requirements.out' has not changed
.
(rerunfilecheck)             Checksum: 176CD47F8D37680E9A60BDBB397AC09B;500.
Package atveryend Info: Empty hook `AtVeryVeryEnd' on input line 326.
 ) 
Here is how much of TeX's memory you used:
 5411 strings out of 493335
 82139 string characters out of 3136677
 188203 words of memory out of 3000000
 8850 multiletter control sequences out of 15000+200000
 9750 words of font info for 34 fonts, out of 3000000 for 9000
 1141 hyphenation exceptions out of 8191
 29i,5n,28p,700b,473s stack positions out of 5000i,500n,10000p,200000b,50000s
<C:/Program Files (x86)/MiKTeX 2.9/fonts/type1/public/amsfonts/cm/cmbx12.pfb>
<C:/Program Files (x86)/MiKTeX 2.9/fonts/type1/public/amsfonts/cm/cmcsc10.pfb><
C:/Program Files (x86)/MiKTeX 2.9/fonts/type1/public/amsfonts/cm/cmr12.pfb><C:/
Program Files (x86)/MiKTeX 2.9/fonts/type1/public/amsfonts/cm/cmsy10.pfb><C:/Pr
ogram Files (x86)/MiKTeX 2.9/fonts/type1/public/amsfonts/cm/cmti12.pfb>
Output written on Functional_Requirements.pdf (23 pages, 4065748 bytes).
PDF statistics:
 194 PDF objects out of 1000 (max. 8388607)
 32 named destinations out of 1000 (max. 500000)
 182 words of extra memory for PDF output out of 10000 (max. 10000000)

