This is pdfTeX, Version 3.1415926-2.5-1.40.14 (MiKTeX 2.9) (preloaded format=pdflatex 2015.7.29)  11 SEP 2016 21:17
entering extended mode
**C:/Users/User/Desktop/COS301Repo/NotLikeThis/Demo*3/Template.tex
("C:/Users/User/Desktop/COS301Repo/NotLikeThis/Demo 3/Template.tex"
LaTeX2e <2011/06/27>
Babel <v3.8m> and hyphenation patterns for english, afrikaans, ancientgreek, ar
abic, armenian, assamese, basque, bengali, bokmal, bulgarian, catalan, coptic, 
croatian, czech, danish, dutch, esperanto, estonian, farsi, finnish, french, ga
lician, german, german-x-2013-05-26, greek, gujarati, hindi, hungarian, iceland
ic, indonesian, interlingua, irish, italian, kannada, kurmanji, latin, latvian,
 lithuanian, malayalam, marathi, mongolian, mongolianlmc, monogreek, ngerman, n
german-x-2013-05-26, nynorsk, oriya, panjabi, pinyin, polish, portuguese, roman
ian, russian, sanskrit, serbian, slovak, slovenian, spanish, swedish, swissgerm
an, tamil, telugu, turkish, turkmen, ukenglish, ukrainian, uppersorbian, usengl
ishmax, welsh, loaded.
("C:\Program Files (x86)\MiKTeX 2.9\tex\latex\base\article.cls"
Document Class: article 2007/10/19 v1.4h Standard LaTeX document class
("C:\Program Files (x86)\MiKTeX 2.9\tex\latex\base\size12.clo"
File: size12.clo 2007/10/19 v1.4h Standard LaTeX file (size option)
)
\c@part=\count79
\c@section=\count80
\c@subsection=\count81
\c@subsubsection=\count82
\c@paragraph=\count83
\c@subparagraph=\count84
\c@figure=\count85
\c@table=\count86
\abovecaptionskip=\skip41
\belowcaptionskip=\skip42
\bibindent=\dimen102
)
\@indexfile=\write3

Writing index file Template.idx
("C:\Program Files (x86)\MiKTeX 2.9\tex\latex\tools\longtable.sty"
Package: longtable 2004/02/01 v4.11 Multi-page Table package (DPC)
\LTleft=\skip43
\LTright=\skip44
\LTpre=\skip45
\LTpost=\skip46
\LTchunksize=\count87
\LTcapwidth=\dimen103
\LT@head=\box26
\LT@firsthead=\box27
\LT@foot=\box28
\LT@lastfoot=\box29
\LT@cols=\count88
\LT@rows=\count89
\c@LT@tables=\count90
\c@LT@chunks=\count91
\LT@p@ftn=\toks14
)
("C:\Program Files (x86)\MiKTeX 2.9\tex\latex\graphics\graphicx.sty"
Package: graphicx 1999/02/16 v1.0f Enhanced LaTeX Graphics (DPC,SPQR)

("C:\Program Files (x86)\MiKTeX 2.9\tex\latex\graphics\keyval.sty"
Package: keyval 1999/03/16 v1.13 key=value parser (DPC)
\KV@toks@=\toks15
)
("C:\Program Files (x86)\MiKTeX 2.9\tex\latex\graphics\graphics.sty"
Package: graphics 2009/02/05 v1.0o Standard LaTeX Graphics (DPC,SPQR)

("C:\Program Files (x86)\MiKTeX 2.9\tex\latex\graphics\trig.sty"
Package: trig 1999/03/16 v1.09 sin cos tan (DPC)
)
("C:\Program Files (x86)\MiKTeX 2.9\tex\latex\00miktex\graphics.cfg"
File: graphics.cfg 2007/01/18 v1.5 graphics configuration of teTeX/TeXLive
)
Package graphics Info: Driver file: pdftex.def on input line 91.

("C:\Program Files (x86)\MiKTeX 2.9\tex\latex\pdftex-def\pdftex.def"
File: pdftex.def 2011/05/27 v0.06d Graphics/color for pdfTeX

("C:\Program Files (x86)\MiKTeX 2.9\tex\generic\oberdiek\infwarerr.sty"
Package: infwarerr 2010/04/08 v1.3 Providing info/warning/error messages (HO)
)
("C:\Program Files (x86)\MiKTeX 2.9\tex\generic\oberdiek\ltxcmds.sty"
Package: ltxcmds 2011/11/09 v1.22 LaTeX kernel commands for general use (HO)
)
\Gread@gobject=\count92
))
\Gin@req@height=\dimen104
\Gin@req@width=\dimen105
)
("C:\Program Files (x86)\MiKTeX 2.9\tex\latex\base\makeidx.sty"
Package: makeidx 2000/03/29 v1.0m Standard LaTeX package
)
("C:\Program Files (x86)\MiKTeX 2.9\tex\latex\hyperref\hyperref.sty"
Package: hyperref 2012/11/06 v6.83m Hypertext links for LaTeX

("C:\Program Files (x86)\MiKTeX 2.9\tex\generic\oberdiek\hobsub-hyperref.sty"
Package: hobsub-hyperref 2012/04/25 v1.12 Bundle oberdiek, subset hyperref (HO)


("C:\Program Files (x86)\MiKTeX 2.9\tex\generic\oberdiek\hobsub-generic.sty"
Package: hobsub-generic 2012/04/25 v1.12 Bundle oberdiek, subset generic (HO)
Package: hobsub 2012/04/25 v1.12 Construct package bundles (HO)
Package hobsub Info: Skipping package `infwarerr' (already loaded).
Package hobsub Info: Skipping package `ltxcmds' (already loaded).
Package: ifluatex 2010/03/01 v1.3 Provides the ifluatex switch (HO)
Package ifluatex Info: LuaTeX not detected.
Package: ifvtex 2010/03/01 v1.5 Detect VTeX and its facilities (HO)
Package ifvtex Info: VTeX not detected.
Package: intcalc 2007/09/27 v1.1 Expandable calculations with integers (HO)
Package: ifpdf 2011/01/30 v2.3 Provides the ifpdf switch (HO)
Package ifpdf Info: pdfTeX in PDF mode is detected.
Package: etexcmds 2011/02/16 v1.5 Avoid name clashes with e-TeX commands (HO)
Package etexcmds Info: Could not find \expanded.
(etexcmds)             That can mean that you are not using pdfTeX 1.50 or
(etexcmds)             that some package has redefined \expanded.
(etexcmds)             In the latter case, load this package earlier.
Package: kvsetkeys 2012/04/25 v1.16 Key value parser (HO)
Package: kvdefinekeys 2011/04/07 v1.3 Define keys (HO)
Package: pdftexcmds 2011/11/29 v0.20 Utility functions of pdfTeX for LuaTeX (HO
)
Package pdftexcmds Info: LuaTeX not detected.
Package pdftexcmds Info: \pdf@primitive is available.
Package pdftexcmds Info: \pdf@ifprimitive is available.
Package pdftexcmds Info: \pdfdraftmode found.
Package: pdfescape 2011/11/25 v1.13 Implements pdfTeX's escape features (HO)
Package: bigintcalc 2012/04/08 v1.3 Expandable calculations on big integers (HO
)
Package: bitset 2011/01/30 v1.1 Handle bit-vector datatype (HO)
Package: uniquecounter 2011/01/30 v1.2 Provide unlimited unique counter (HO)
)
Package hobsub Info: Skipping package `hobsub' (already loaded).
Package: letltxmacro 2010/09/02 v1.4 Let assignment for LaTeX macros (HO)
Package: hopatch 2011/06/24 v1.1 Wrapper for package hooks (HO)
Package: xcolor-patch 2011/01/30 xcolor patch
Package: atveryend 2011/06/30 v1.8 Hooks at the very end of document (HO)
Package atveryend Info: \enddocument detected (standard20110627).
Package: atbegshi 2011/10/05 v1.16 At begin shipout hook (HO)
Package: refcount 2011/10/16 v3.4 Data extraction from label references (HO)
Package: hycolor 2011/01/30 v1.7 Color options for hyperref/bookmark (HO)
)
("C:\Program Files (x86)\MiKTeX 2.9\tex\generic\ifxetex\ifxetex.sty"
Package: ifxetex 2010/09/12 v0.6 Provides ifxetex conditional
)
("C:\Program Files (x86)\MiKTeX 2.9\tex\latex\oberdiek\auxhook.sty"
Package: auxhook 2011/03/04 v1.3 Hooks for auxiliary files (HO)
)
("C:\Program Files (x86)\MiKTeX 2.9\tex\latex\oberdiek\kvoptions.sty"
Package: kvoptions 2011/06/30 v3.11 Key value format for package options (HO)
)
\@linkdim=\dimen106
\Hy@linkcounter=\count93
\Hy@pagecounter=\count94

("C:\Program Files (x86)\MiKTeX 2.9\tex\latex\hyperref\pd1enc.def"
File: pd1enc.def 2012/11/06 v6.83m Hyperref: PDFDocEncoding definition (HO)
)
\Hy@SavedSpaceFactor=\count95

("C:\Program Files (x86)\MiKTeX 2.9\tex\latex\00miktex\hyperref.cfg"
File: hyperref.cfg 2002/06/06 v1.2 hyperref configuration of TeXLive
)
Package hyperref Info: Hyper figures OFF on input line 4443.
Package hyperref Info: Link nesting OFF on input line 4448.
Package hyperref Info: Hyper index ON on input line 4451.
Package hyperref Info: Plain pages OFF on input line 4458.
Package hyperref Info: Backreferencing OFF on input line 4463.
Package hyperref Info: Implicit mode ON; LaTeX internals redefined.
Package hyperref Info: Bookmarks ON on input line 4688.
\c@Hy@tempcnt=\count96

("C:\Program Files (x86)\MiKTeX 2.9\tex\latex\url\url.sty"
\Urlmuskip=\muskip10
Package: url 2013/09/16  ver 3.4  Verb mode for urls, etc.
)
LaTeX Info: Redefining \url on input line 5041.
\XeTeXLinkMargin=\dimen107
\Fld@menulength=\count97
\Field@Width=\dimen108
\Fld@charsize=\dimen109
Package hyperref Info: Hyper figures OFF on input line 6295.
Package hyperref Info: Link nesting OFF on input line 6300.
Package hyperref Info: Hyper index ON on input line 6303.
Package hyperref Info: backreferencing OFF on input line 6310.
Package hyperref Info: Link coloring OFF on input line 6315.
Package hyperref Info: Link coloring with OCG OFF on input line 6320.
Package hyperref Info: PDF/A mode OFF on input line 6325.
LaTeX Info: Redefining \ref on input line 6365.
LaTeX Info: Redefining \pageref on input line 6369.
\Hy@abspage=\count98
\c@Item=\count99
\c@Hfootnote=\count100
)

Package hyperref Message: Driver (autodetected): hpdftex.

("C:\Program Files (x86)\MiKTeX 2.9\tex\latex\hyperref\hpdftex.def"
File: hpdftex.def 2012/11/06 v6.83m Hyperref driver for pdfTeX
\Fld@listcount=\count101
\c@bookmark@seq@number=\count102

("C:\Program Files (x86)\MiKTeX 2.9\tex\latex\oberdiek\rerunfilecheck.sty"
Package: rerunfilecheck 2011/04/15 v1.7 Rerun checks for auxiliary files (HO)
Package uniquecounter Info: New unique counter `rerunfilecheck' on input line 2
82.
)
\Hy@SectionHShift=\skip47
)
Package hyperref Info: Option `colorlinks' set `true' on input line 18.

("C:\Users\User\Desktop\COS301Repo\NotLikeThis\Demo 3\Template.aux")
LaTeX Font Info:    Checking defaults for OML/cmm/m/it on input line 24.
LaTeX Font Info:    ... okay on input line 24.
LaTeX Font Info:    Checking defaults for T1/cmr/m/n on input line 24.
LaTeX Font Info:    ... okay on input line 24.
LaTeX Font Info:    Checking defaults for OT1/cmr/m/n on input line 24.
LaTeX Font Info:    ... okay on input line 24.
LaTeX Font Info:    Checking defaults for OMS/cmsy/m/n on input line 24.
LaTeX Font Info:    ... okay on input line 24.
LaTeX Font Info:    Checking defaults for OMX/cmex/m/n on input line 24.
LaTeX Font Info:    ... okay on input line 24.
LaTeX Font Info:    Checking defaults for U/cmr/m/n on input line 24.
LaTeX Font Info:    ... okay on input line 24.
LaTeX Font Info:    Checking defaults for PD1/pdf/m/n on input line 24.
LaTeX Font Info:    ... okay on input line 24.
\AtBeginShipoutBox=\box30

("C:\Program Files (x86)\MiKTeX 2.9\tex\latex\graphics\color.sty"
Package: color 2005/11/14 v1.0j Standard LaTeX Color (DPC)

("C:\Program Files (x86)\MiKTeX 2.9\tex\latex\00miktex\color.cfg"
File: color.cfg 2007/01/18 v1.5 color configuration of teTeX/TeXLive
)
Package color Info: Driver file: pdftex.def on input line 130.
)
Package hyperref Info: Link coloring ON on input line 24.

("C:\Program Files (x86)\MiKTeX 2.9\tex\latex\hyperref\nameref.sty"
Package: nameref 2012/10/27 v2.43 Cross-referencing by name of section

("C:\Program Files (x86)\MiKTeX 2.9\tex\generic\oberdiek\gettitlestring.sty"
Package: gettitlestring 2010/12/03 v1.4 Cleanup title references (HO)
)
\c@section@level=\count103
)
LaTeX Info: Redefining \ref on input line 24.
LaTeX Info: Redefining \pageref on input line 24.
LaTeX Info: Redefining \nameref on input line 24.

("C:\Users\User\Desktop\COS301Repo\NotLikeThis\Demo 3\Template.out")
("C:\Users\User\Desktop\COS301Repo\NotLikeThis\Demo 3\Template.out")
\@outlinefile=\write4

<./images/up-logo.jpg, id=103, 287.1528pt x 78.7743pt>
File: ./images/up-logo.jpg Graphic file (type jpg)

<use ./images/up-logo.jpg>
Package pdftex.def Info: ./images/up-logo.jpg used on input line 32.
(pdftex.def)             Requested size: 446.9055pt x 122.60974pt.

<./images/logo.jpg, id=104, 427.5975pt x 427.5975pt>
File: ./images/logo.jpg Graphic file (type jpg)
 <use ./images/logo.jpg>
Package pdftex.def Info: ./images/logo.jpg used on input line 37.
(pdftex.def)             Requested size: 22.34663pt x 22.34024pt.
File: ./images/logo.jpg Graphic file (type jpg)

<use ./images/logo.jpg>
Package pdftex.def Info: ./images/logo.jpg used on input line 39.
(pdftex.def)             Requested size: 22.34663pt x 22.34024pt.
LaTeX Font Info:    External font `cmex10' loaded for size
(Font)              <12> on input line 49.
LaTeX Font Info:    External font `cmex10' loaded for size
(Font)              <8> on input line 49.
LaTeX Font Info:    External font `cmex10' loaded for size
(Font)              <6> on input line 49.
 [1

{C:/ProgramData/MiKTeX/2.9/pdftex/config/pdftex.map} <C:/Users/User/Desktop/COS
301Repo/NotLikeThis/Demo 3/images/up-logo.jpg> <C:/Users/User/Desktop/COS301Rep
o/NotLikeThis/Demo 3/images/logo.jpg>]
("C:\Users\User\Desktop\COS301Repo\NotLikeThis\Demo 3\Template.toc")
\tf@toc=\write5
 [1]
LaTeX Font Info:    Try loading font information for OMS+cmr on input line 117.


("C:\Program Files (x86)\MiKTeX 2.9\tex\latex\base\omscmr.fd"
File: omscmr.fd 1999/05/25 v2.5h Standard LaTeX font definitions
)
LaTeX Font Info:    Font shape `OMS/cmr/m/n' in size <12> not available
(Font)              Font shape `OMS/cmsy/m/n' tried instead on input line 117.
pdfTeX warning (ext4): destination with the same identifier (name{page.1}) has 
been already used, duplicate ignored
<to be read again> 
                   \relax 
l.120 \newpage
               [1] [2]
Overfull \hbox (15.98572pt too wide) in paragraph at lines 161--162
\OT1/cmr/m/n/12 the AWS ssytem and their API can be found here https://aws.amaz
on.com/documentation/
 []

[3] [4]
Underfull \hbox (badness 3746) in paragraph at lines 215--215
\OT1/cmr/m/n/12 server must be ac-
 []


Underfull \hbox (badness 2368) in paragraph at lines 215--215
[]\OT1/cmr/m/n/12 The web page con-
 []


Underfull \hbox (badness 1635) in paragraph at lines 215--215
\OT1/cmr/m/n/12 the new data be-ing
 []


Underfull \hbox (badness 1168) in paragraph at lines 215--215
[]\OT1/cmr/m/n/12 This use case forms
 []


Underfull \hbox (badness 1052) in paragraph at lines 215--215
\OT1/cmr/m/n/12 as the pri-mary pur-
 []


Underfull \hbox (badness 1137) in paragraph at lines 215--215
\OT1/cmr/m/n/12 pose of the ap-pli-ca-
 []


Underfull \hbox (badness 3746) in paragraph at lines 217--217
\OT1/cmr/m/n/12 server must be ac-
 []


Underfull \hbox (badness 10000) in paragraph at lines 217--217
\OT1/cmr/m/n/12 vi-su-al-i-sa-tion is re-
 []


Underfull \hbox (badness 2951) in paragraph at lines 217--217
\OT1/cmr/m/n/12 vi-su-aliser only vi-su-
 []


Underfull \hbox (badness 3746) in paragraph at lines 219--219
\OT1/cmr/m/n/12 server must be ac-
 []


Underfull \hbox (badness 4072) in paragraph at lines 219--219
[]\OT1/cmr/m/n/12 Since the vi-su-alised
 []


Underfull \hbox (badness 3746) in paragraph at lines 221--221
\OT1/cmr/m/n/12 server must be ac-
 []


Underfull \hbox (badness 3557) in paragraph at lines 221--221
\OT1/cmr/m/n/12 lated in-for-ma-tion is
 []


Underfull \hbox (badness 3557) in paragraph at lines 221--221
\OT1/cmr/m/n/12 dis-played be-low the
 []


Underfull \hbox (badness 1831) in paragraph at lines 221--221
\OT1/cmr/m/n/12 work has a num-ber
 []


Underfull \hbox (badness 1762) in paragraph at lines 221--221
\OT1/cmr/m/n/12 ma-tion. This way,
 []


Underfull \hbox (badness 2334) in paragraph at lines 221--221
\OT1/cmr/m/n/12 dis-played in a neat
 []


Underfull \hbox (badness 3746) in paragraph at lines 223--223
\OT1/cmr/m/n/12 server must be ac-
 []


Underfull \hbox (badness 10000) in paragraph at lines 223--223
[]\OT1/cmr/m/n/12 Edges con-nect-ing
 []


Underfull \hbox (badness 10000) in paragraph at lines 223--223
\OT1/cmr/m/n/12 nodes of dif-fer-ent
 []


Underfull \hbox (badness 10000) in paragraph at lines 223--223
\OT1/cmr/m/n/12 lev-els are ren-dered
 []


Underfull \hbox (badness 1389) in paragraph at lines 223--223
\OT1/cmr/m/n/12 re-la-tion-ships. They
 []


Overfull \hbox (27.88582pt too wide) in paragraph at lines 211--225
[] 
 []

[5] [6] <./images/Login1.png, id=194, 1206.00563pt x 364.36125pt>
File: ./images/Login1.png Graphic file (type png)

<use ./images/Login1.png>
Package pdftex.def Info: ./images/Login1.png used on input line 260.
(pdftex.def)             Requested size: 402.21222pt x 121.51274pt.

<./images/Login2.png, id=195, 1206.00563pt x 373.395pt>
File: ./images/Login2.png Graphic file (type png)

<use ./images/Login2.png>
Package pdftex.def Info: ./images/Login2.png used on input line 264.
(pdftex.def)             Requested size: 402.21222pt x 124.52547pt.
 [7 <C:/Users/User/Desktop/COS301Repo/NotLikeThis/Demo 3/images/Login1.png> <C:
/Users/User/Desktop/COS301Repo/NotLikeThis/Demo 3/images/Login2.png>] <./images
/Visualizer1.png, id=200, 1206.00563pt x 679.03688pt>
File: ./images/Visualizer1.png Graphic file (type png)

<use ./images/Visualizer1.png>
Package pdftex.def Info: ./images/Visualizer1.png used on input line 270.
(pdftex.def)             Requested size: 402.21222pt x 226.45558pt.

<./images/Visualizer2.png, id=201, 1206.00563pt x 301.8778pt>
File: ./images/Visualizer2.png Graphic file (type png)

<use ./images/Visualizer2.png>
Package pdftex.def Info: ./images/Visualizer2.png used on input line 274.
(pdftex.def)             Requested size: 402.21222pt x 100.67482pt.

<./images/Visualizer3.png, id=202, 1206.00563pt x 350.05782pt>
File: ./images/Visualizer3.png Graphic file (type png)

<use ./images/Visualizer3.png>
Package pdftex.def Info: ./images/Visualizer3.png used on input line 278.
(pdftex.def)             Requested size: 402.21222pt x 116.74261pt.
 [8 <C:/Users/User/Desktop/COS301Repo/NotLikeThis/Demo 3/images/Visualizer1.png
> <C:/Users/User/Desktop/COS301Repo/NotLikeThis/Demo 3/images/Visualizer2.png> 
<C:/Users/User/Desktop/COS301Repo/NotLikeThis/Demo 3/images/Visualizer3.png>]
<./images/Visualizer4.png, id=209, 1206.00563pt x 318.43968pt>
File: ./images/Visualizer4.png Graphic file (type png)

<use ./images/Visualizer4.png>
Package pdftex.def Info: ./images/Visualizer4.png used on input line 283.
(pdftex.def)             Requested size: 402.21222pt x 106.19812pt.

<./images/Visualizer5.png, id=210, 1206.00563pt x 679.03688pt>
File: ./images/Visualizer5.png Graphic file (type png)

<use ./images/Visualizer5.png>
Package pdftex.def Info: ./images/Visualizer5.png used on input line 288.
(pdftex.def)             Requested size: 402.21222pt x 226.45558pt.
 [9 <C:/Users/User/Desktop/COS301Repo/NotLikeThis/Demo 3/images/Visualizer4.png
> <C:/Users/User/Desktop/COS301Repo/NotLikeThis/Demo 3/images/Visualizer5.png>]

<./images/Visualizer6.png, id=216, 1206.00563pt x 679.03688pt>
File: ./images/Visualizer6.png Graphic file (type png)

<use ./images/Visualizer6.png>
Package pdftex.def Info: ./images/Visualizer6.png used on input line 294.
(pdftex.def)             Requested size: 402.21222pt x 226.45558pt.

<./images/Visualizer7.png, id=217, 1206.00563pt x 679.03688pt>
File: ./images/Visualizer7.png Graphic file (type png)

<use ./images/Visualizer7.png>
Package pdftex.def Info: ./images/Visualizer7.png used on input line 299.
(pdftex.def)             Requested size: 402.21222pt x 226.45558pt.
 [10 <C:/Users/User/Desktop/COS301Repo/NotLikeThis/Demo 3/images/Visualizer6.pn
g> <C:/Users/User/Desktop/COS301Repo/NotLikeThis/Demo 3/images/Visualizer7.png>
]
<./images/Visualizer8.png, id=222, 1206.00563pt x 679.03688pt>
File: ./images/Visualizer8.png Graphic file (type png)

<use ./images/Visualizer8.png>
Package pdftex.def Info: ./images/Visualizer8.png used on input line 305.
(pdftex.def)             Requested size: 402.21222pt x 226.45558pt.

Underfull \hbox (badness 10000) in paragraph at lines 305--307

 []

Package atveryend Info: Empty hook `BeforeClearDocument' on input line 309.
[11 <C:/Users/User/Desktop/COS301Repo/NotLikeThis/Demo 3/images/Visualizer8.png
>]
Package atveryend Info: Empty hook `AfterLastShipout' on input line 309.
 ("C:\Users\User\Desktop\COS301Repo\NotLikeThis\Demo 3\Template.aux")
Package atveryend Info: Executing hook `AtVeryEndDocument' on input line 309.
Package atveryend Info: Executing hook `AtEndAfterFileList' on input line 309.
Package rerunfilecheck Info: File `Template.out' has not changed.
(rerunfilecheck)             Checksum: 3FAD1D65A76AE3594C79AC6C0D54657F;1580.
Package atveryend Info: Empty hook `AtVeryVeryEnd' on input line 309.
 ) 
Here is how much of TeX's memory you used:
 4967 strings out of 493921
 74849 string characters out of 3144879
 158146 words of memory out of 3000000
 8164 multiletter control sequences out of 15000+200000
 9750 words of font info for 34 fonts, out of 3000000 for 9000
 841 hyphenation exceptions out of 8191
 29i,8n,28p,928b,397s stack positions out of 5000i,500n,10000p,200000b,50000s
<C:/Program Files (x86)/MiKTeX 2.9/fonts/type1/public/amsfonts/cm/cmbx12.pfb>
<C:/Program Files (x86)/MiKTeX 2.9/fonts/type1/public/amsfonts/cm/cmcsc10.pfb><
C:/Program Files (x86)/MiKTeX 2.9/fonts/type1/public/amsfonts/cm/cmr12.pfb><C:/
Program Files (x86)/MiKTeX 2.9/fonts/type1/public/amsfonts/cm/cmsy10.pfb><C:/Pr
ogram Files (x86)/MiKTeX 2.9/fonts/type1/public/amsfonts/cm/cmti12.pfb>
Output written on Template.pdf (13 pages, 1797654 bytes).
PDF statistics:
 261 PDF objects out of 1000 (max. 8388607)
 62 named destinations out of 1000 (max. 500000)
 261 words of extra memory for PDF output out of 10000 (max. 10000000)

