\BOOKMARK [1][-]{section.1}{Vision}{}% 1
\BOOKMARK [1][-]{section.2}{Scope}{}% 2
\BOOKMARK [1][-]{section.3}{Architectural Requirements}{}% 3
\BOOKMARK [2][-]{subsection.3.1}{Architecture Scope}{section.3}% 4
\BOOKMARK [2][-]{subsection.3.2}{Quality Requirements}{section.3}% 5
\BOOKMARK [3][-]{subsubsection.3.2.1}{Critical}{subsection.3.2}% 6
\BOOKMARK [3][-]{subsubsection.3.2.2}{Important}{subsection.3.2}% 7
\BOOKMARK [3][-]{subsubsection.3.2.3}{Nice To Have}{subsection.3.2}% 8
\BOOKMARK [2][-]{subsection.3.3}{Architectural Constraint}{section.3}% 9
\BOOKMARK [1][-]{section.4}{Architectural Design}{}% 10
\BOOKMARK [1][-]{section.5}{Functional Requirements}{}% 11
\BOOKMARK [2][-]{subsection.5.1}{Description of AWS}{section.5}% 12
\BOOKMARK [2][-]{subsection.5.2}{Required Functionality}{section.5}% 13
\BOOKMARK [2][-]{subsection.5.3}{Use case Prioritization}{section.5}% 14
\BOOKMARK [2][-]{subsection.5.4}{Use case/Service contracts}{section.5}% 15
\BOOKMARK [1][-]{section.6}{Specification Update}{}% 16
\BOOKMARK [1][-]{section.7}{Using the system}{}% 17
\BOOKMARK [2][-]{subsection.7.1}{Login}{section.7}% 18
\BOOKMARK [2][-]{subsection.7.2}{Visualizer}{section.7}% 19
\BOOKMARK [2][-]{subsection.7.3}{Regions}{section.7}% 20
\BOOKMARK [2][-]{subsection.7.4}{Zooming}{section.7}% 21
\BOOKMARK [2][-]{subsection.7.5}{Moving}{section.7}% 22
\BOOKMARK [2][-]{subsection.7.6}{Selection}{section.7}% 23
\BOOKMARK [2][-]{subsection.7.7}{Information}{section.7}% 24
