\BOOKMARK [1][-]{section.1}{System Overview}{}% 1
\BOOKMARK [1][-]{section.2}{System Configuration}{}% 2
\BOOKMARK [1][-]{section.3}{Installation}{}% 3
\BOOKMARK [1][-]{section.4}{Getting started}{}% 4
\BOOKMARK [1][-]{section.5}{Using the system}{}% 5
\BOOKMARK [2][-]{subsection.5.1}{Login}{section.5}% 6
\BOOKMARK [2][-]{subsection.5.2}{Logout}{section.5}% 7
\BOOKMARK [2][-]{subsection.5.3}{Scan Network}{section.5}% 8
\BOOKMARK [2][-]{subsection.5.4}{Pause/Resume}{section.5}% 9
\BOOKMARK [2][-]{subsection.5.5}{Stop}{section.5}% 10
\BOOKMARK [2][-]{subsection.5.6}{Scan up/down}{section.5}% 11
\BOOKMARK [2][-]{subsection.5.7}{Regions}{section.5}% 12
\BOOKMARK [2][-]{subsection.5.8}{Zooming}{section.5}% 13
\BOOKMARK [2][-]{subsection.5.9}{Dragging}{section.5}% 14
\BOOKMARK [2][-]{subsection.5.10}{Hovering over a node}{section.5}% 15
\BOOKMARK [2][-]{subsection.5.11}{Clicking on a node}{section.5}% 16
\BOOKMARK [2][-]{subsection.5.12}{Dragging boxes}{section.5}% 17
\BOOKMARK [2][-]{subsection.5.13}{Loading from a file}{section.5}% 18
\BOOKMARK [2][-]{subsection.5.14}{Saving a file}{section.5}% 19
\BOOKMARK [1][-]{section.6}{Troubleshooting}{}% 20
