\BOOKMARK [1][-]{section.0.1}{Introduction}{}% 1
\BOOKMARK [1][-]{section.0.2}{Vision}{}% 2
\BOOKMARK [1][-]{section.0.3}{Background}{}% 3
\BOOKMARK [1][-]{section.0.4}{Architecture Requirements}{}% 4
\BOOKMARK [2][-]{subsection.0.4.1}{Access Channel Requirements}{section.0.4}% 5
\BOOKMARK [2][-]{subsection.0.4.2}{Quality Requirements}{section.0.4}% 6
\BOOKMARK [2][-]{subsection.0.4.3}{Integration Requirements}{section.0.4}% 7
\BOOKMARK [2][-]{subsection.0.4.4}{Architecture Constraints}{section.0.4}% 8
\BOOKMARK [1][-]{section.0.5}{Functional requirements and Application Design}{}% 9
\BOOKMARK [2][-]{subsection.0.5.1}{Use case prioritization}{section.0.5}% 10
\BOOKMARK [2][-]{subsection.0.5.2}{Use case/Services contracts}{section.0.5}% 11
\BOOKMARK [2][-]{subsection.0.5.3}{Required functionality}{section.0.5}% 12
\BOOKMARK [2][-]{subsection.0.5.4}{Process specifications}{section.0.5}% 13
\BOOKMARK [2][-]{subsection.0.5.5}{Domain Model}{section.0.5}% 14
\BOOKMARK [1][-]{section.0.6}{Software Architecture}{}% 15
\BOOKMARK [2][-]{subsection.0.6.1}{Architectural patterns or styles}{section.0.6}% 16
\BOOKMARK [2][-]{subsection.0.6.2}{Architectural tactics or strategies}{section.0.6}% 17
\BOOKMARK [2][-]{subsection.0.6.3}{Use of reference architectures and frameworks}{section.0.6}% 18
\BOOKMARK [2][-]{subsection.0.6.4}{Access and integration channels}{section.0.6}% 19
\BOOKMARK [2][-]{subsection.0.6.5}{Technologies}{section.0.6}% 20
\BOOKMARK [1][-]{section.0.7}{Open issues}{}% 21
